<?xml version="1.0" encoding="UTF-8"?>
<!-- Generated by org.testng.reporters.JUnitReportReporter -->
<testsuite skipped="0" hostname="SWAPNA" name="Myfirst_HybridFramework.TestCase.Test_Case_001" tests="1" failures="0" timestamp="24 Feb 2019 05:06:19 GMT" time="4.332" errors="0">
  <testcase name="loginTest" time="4.332" classname="Myfirst_HybridFramework.TestCase.Test_Case_001"/>
</testsuite> <!-- Myfirst_HybridFramework.TestCase.Test_Case_001 -->
