<?xml version="1.0" encoding="UTF-8"?>
<!-- Generated by org.testng.reporters.JUnitReportReporter -->
<testsuite skipped="0" hostname="SWAPNA" name="Myfirst_HybridFramework.TestCase.Test_Case_003" tests="1" failures="0" timestamp="24 Feb 2019 05:06:19 GMT" time="15.061" errors="0">
  <testcase name="addNewCustomer" time="15.061" classname="Myfirst_HybridFramework.TestCase.Test_Case_003"/>
</testsuite> <!-- Myfirst_HybridFramework.TestCase.Test_Case_003 -->
