<?xml version="1.0" encoding="UTF-8"?>
<!-- Generated by org.testng.reporters.JUnitReportReporter -->
<testsuite hostname="DESKTOP-JCUL9GQ" failures="0" tests="1" name="Myfirst_HybridFramework.TestCase.Test_Case_002" time="0.000" errors="0" timestamp="07 Mar 2019 02:58:33 GMT" skipped="1">
  <testcase classname="Myfirst_HybridFramework.TestCase.Test_Case_002" name="loginDDT" time="0.000">
    <skipped/>
  </testcase> <!-- loginDDT -->
</testsuite> <!-- Myfirst_HybridFramework.TestCase.Test_Case_002 -->
