<?xml version="1.0" encoding="UTF-8"?>
<!-- Generated by org.testng.reporters.JUnitReportReporter -->
<testsuite hostname="DESKTOP-JCUL9GQ" failures="0" tests="1" name="Myfirst_HybridFramework.TestCase.Test_Case_001" time="3.569" errors="0" timestamp="07 Mar 2019 02:58:33 GMT" skipped="0">
  <testcase classname="Myfirst_HybridFramework.TestCase.Test_Case_001" name="loginTest" time="3.569"/>
</testsuite> <!-- Myfirst_HybridFramework.TestCase.Test_Case_001 -->
